<?xml version="1.0" encoding="UTF-8"?>
<testsuite name="com.app.AppApplicationTests" tests="1" skipped="0" failures="0" errors="0" timestamp="2021-03-24T20:23:47" hostname="DESKTOP-Q1TJMEK" time="0.115">
  <properties/>
  <testcase name="contextLoads()" classname="com.app.AppApplicationTests" time="0.115"/>
  <system-out><![CDATA[20:23:37.474 [Test worker] DEBUG org.springframework.test.context.BootstrapUtils - Instantiating CacheAwareContextLoaderDelegate from class [org.springframework.test.context.cache.DefaultCacheAwareContextLoaderDelegate]
20:23:37.490 [Test worker] DEBUG org.springframework.test.context.BootstrapUtils - Instantiating BootstrapContext using constructor [public org.springframework.test.context.support.DefaultBootstrapContext(java.lang.Class,org.springframework.test.context.CacheAwareContextLoaderDelegate)]
20:23:37.530 [Test worker] DEBUG org.springframework.test.context.BootstrapUtils - Instantiating TestContextBootstrapper for test class [com.app.AppApplicationTests] from class [org.springframework.boot.test.context.SpringBootTestContextBootstrapper]
20:23:37.543 [Test worker] INFO org.springframework.boot.test.context.SpringBootTestContextBootstrapper - Neither @ContextConfiguration nor @ContextHierarchy found for test class [com.app.AppApplicationTests], using SpringBootContextLoader
20:23:37.549 [Test worker] DEBUG org.springframework.test.context.support.AbstractContextLoader - Did not detect default resource location for test class [com.app.AppApplicationTests]: class path resource [com/app/AppApplicationTests-context.xml] does not exist
20:23:37.549 [Test worker] DEBUG org.springframework.test.context.support.AbstractContextLoader - Did not detect default resource location for test class [com.app.AppApplicationTests]: class path resource [com/app/AppApplicationTestsContext.groovy] does not exist
20:23:37.549 [Test worker] INFO org.springframework.test.context.support.AbstractContextLoader - Could not detect default resource locations for test class [com.app.AppApplicationTests]: no resource found for suffixes {-context.xml, Context.groovy}.
20:23:37.550 [Test worker] INFO org.springframework.test.context.support.AnnotationConfigContextLoaderUtils - Could not detect default configuration classes for test class [com.app.AppApplicationTests]: AppApplicationTests does not declare any static, non-private, non-final, nested classes annotated with @Configuration.
20:23:37.599 [Test worker] DEBUG org.springframework.test.context.support.ActiveProfilesUtils - Could not find an 'annotation declaring class' for annotation type [org.springframework.test.context.ActiveProfiles] and class [com.app.AppApplicationTests]
20:23:37.686 [Test worker] DEBUG org.springframework.context.annotation.ClassPathScanningCandidateComponentProvider - Identified candidate component class: file [C:\Users\machi\IdeaProjects\BookMaker\build\classes\java\main\com\app\AppApplication.class]
20:23:37.688 [Test worker] INFO org.springframework.boot.test.context.SpringBootTestContextBootstrapper - Found @SpringBootConfiguration com.app.AppApplication for test class com.app.AppApplicationTests
20:23:37.800 [Test worker] DEBUG org.springframework.boot.test.context.SpringBootTestContextBootstrapper - @TestExecutionListeners is not present for class [com.app.AppApplicationTests]: using defaults.
20:23:37.801 [Test worker] INFO org.springframework.boot.test.context.SpringBootTestContextBootstrapper - Loaded default TestExecutionListener class names from location [META-INF/spring.factories]: [org.springframework.security.test.context.support.WithSecurityContextTestExecutionListener, org.springframework.security.test.context.support.ReactorContextTestExecutionListener, org.springframework.boot.test.autoconfigure.restdocs.RestDocsTestExecutionListener, org.springframework.boot.test.autoconfigure.web.client.MockRestServiceServerResetTestExecutionListener, org.springframework.boot.test.autoconfigure.web.servlet.MockMvcPrintOnlyOnFailureTestExecutionListener, org.springframework.boot.test.autoconfigure.web.servlet.WebDriverTestExecutionListener, org.springframework.boot.test.autoconfigure.webservices.client.MockWebServiceServerTestExecutionListener, org.springframework.boot.test.mock.mockito.MockitoTestExecutionListener, org.springframework.boot.test.mock.mockito.ResetMocksTestExecutionListener, org.springframework.test.context.web.ServletTestExecutionListener, org.springframework.test.context.support.DirtiesContextBeforeModesTestExecutionListener, org.springframework.test.context.event.ApplicationEventsTestExecutionListener, org.springframework.test.context.support.DependencyInjectionTestExecutionListener, org.springframework.test.context.support.DirtiesContextTestExecutionListener, org.springframework.test.context.transaction.TransactionalTestExecutionListener, org.springframework.test.context.jdbc.SqlScriptsTestExecutionListener, org.springframework.test.context.event.EventPublishingTestExecutionListener]
20:23:37.829 [Test worker] INFO org.springframework.boot.test.context.SpringBootTestContextBootstrapper - Using TestExecutionListeners: [org.springframework.test.context.web.ServletTestExecutionListener@426b72d6, org.springframework.test.context.support.DirtiesContextBeforeModesTestExecutionListener@73c34b8a, org.springframework.test.context.event.ApplicationEventsTestExecutionListener@13dbe8b0, org.springframework.boot.test.mock.mockito.MockitoTestExecutionListener@58cabc04, org.springframework.boot.test.autoconfigure.SpringBootDependencyInjectionTestExecutionListener@41ae8809, org.springframework.test.context.support.DirtiesContextTestExecutionListener@285814ad, org.springframework.test.context.transaction.TransactionalTestExecutionListener@648af77e, org.springframework.test.context.jdbc.SqlScriptsTestExecutionListener@69ad5d77, org.springframework.security.test.context.support.WithSecurityContextTestExecutionListener@5cf66e8b, org.springframework.test.context.event.EventPublishingTestExecutionListener@3463e4c4, org.springframework.security.test.context.support.ReactorContextTestExecutionListener@7e1d431, org.springframework.boot.test.autoconfigure.restdocs.RestDocsTestExecutionListener@424675f, org.springframework.boot.test.autoconfigure.web.client.MockRestServiceServerResetTestExecutionListener@6b49d366, org.springframework.boot.test.autoconfigure.web.servlet.MockMvcPrintOnlyOnFailureTestExecutionListener@40274f0f, org.springframework.boot.test.autoconfigure.web.servlet.WebDriverTestExecutionListener@49ee4b66, org.springframework.boot.test.autoconfigure.webservices.client.MockWebServiceServerTestExecutionListener@6ed7c39b, org.springframework.boot.test.mock.mockito.ResetMocksTestExecutionListener@4ba0ffc4]
20:23:37.834 [Test worker] DEBUG org.springframework.test.context.support.AbstractDirtiesContextTestExecutionListener - Before test class: context [DefaultTestContext@7c2b3639 testClass = AppApplicationTests, testInstance = [null], testMethod = [null], testException = [null], mergedContextConfiguration = [WebMergedContextConfiguration@707666a3 testClass = AppApplicationTests, locations = '{}', classes = '{class com.app.AppApplication}', contextInitializerClasses = '[]', activeProfiles = '{}', propertySourceLocations = '{}', propertySourceProperties = '{org.springframework.boot.test.context.SpringBootTestContextBootstrapper=true}', contextCustomizers = set[org.springframework.boot.test.autoconfigure.actuate.metrics.MetricsExportContextCustomizerFactory$DisableMetricExportContextCustomizer@7bf8c938, org.springframework.boot.test.autoconfigure.properties.PropertyMappingContextCustomizer@0, org.springframework.boot.test.autoconfigure.web.servlet.WebDriverContextCustomizerFactory$Customizer@66dce5f4, org.springframework.boot.test.context.filter.ExcludeFilterContextCustomizer@44a0e341, org.springframework.boot.test.json.DuplicateJsonObjectContextCustomizerFactory$DuplicateJsonObjectContextCustomizer@39d08a72, org.springframework.boot.test.mock.mockito.MockitoContextCustomizer@0, org.springframework.boot.test.web.client.TestRestTemplateContextCustomizer@6d520974, org.springframework.boot.test.context.SpringBootTestArgs@1, org.springframework.boot.test.context.SpringBootTestWebEnvironment@588e430d], resourceBasePath = 'src/main/webapp', contextLoader = 'org.springframework.boot.test.context.SpringBootContextLoader', parent = [null]], attributes = map['org.springframework.test.context.web.ServletTestExecutionListener.activateListener' -> true]], class annotated with @DirtiesContext [false] with mode [null].
20:23:37.870 [Test worker] DEBUG org.springframework.test.context.support.TestPropertySourceUtils - Adding inlined properties to environment: {spring.jmx.enabled=false, org.springframework.boot.test.context.SpringBootTestContextBootstrapper=true}

  .   ____          _            __ _ _
 /\\ / ___'_ __ _ _(_)_ __  __ _ \ \ \ \
( ( )\___ | '_ | '_| | '_ \/ _` | \ \ \ \
 \\/  ___)| |_)| | | | | || (_| |  ) ) ) )
  '  |____| .__|_| |_|_| |_\__, | / / / /
 =========|_|==============|___/=/_/_/_/
 :: Spring Boot ::                (v2.4.3)

2021-03-24 20:23:38.175  INFO 5052 --- [    Test worker] com.app.AppApplicationTests              : Starting AppApplicationTests using Java 1.8.0_281 on DESKTOP-Q1TJMEK with PID 5052 (started by machi in C:\Users\machi\IdeaProjects\BookMaker)
2021-03-24 20:23:38.178  INFO 5052 --- [    Test worker] com.app.AppApplicationTests              : No active profile set, falling back to default profiles: default
2021-03-24 20:23:39.913  INFO 5052 --- [    Test worker] .s.d.r.c.RepositoryConfigurationDelegate : Bootstrapping Spring Data JPA repositories in DEFAULT mode.
2021-03-24 20:23:40.024  INFO 5052 --- [    Test worker] .s.d.r.c.RepositoryConfigurationDelegate : Finished Spring Data repository scanning in 100 ms. Found 4 JPA repository interfaces.
2021-03-24 20:23:41.043  INFO 5052 --- [    Test worker] com.zaxxer.hikari.HikariDataSource       : HikariPool-1 - Starting...
2021-03-24 20:23:41.361  INFO 5052 --- [    Test worker] com.zaxxer.hikari.HikariDataSource       : HikariPool-1 - Start completed.
2021-03-24 20:23:41.492  INFO 5052 --- [    Test worker] o.hibernate.jpa.internal.util.LogHelper  : HHH000204: Processing PersistenceUnitInfo [name: default]
2021-03-24 20:23:41.592  INFO 5052 --- [    Test worker] org.hibernate.Version                    : HHH000412: Hibernate ORM core version 5.4.28.Final
2021-03-24 20:23:41.869  INFO 5052 --- [    Test worker] o.hibernate.annotations.common.Version   : HCANN000001: Hibernate Commons Annotations {5.1.2.Final}
2021-03-24 20:23:42.141  INFO 5052 --- [    Test worker] org.hibernate.dialect.Dialect            : HHH000400: Using dialect: org.hibernate.dialect.H2Dialect
2021-03-24 20:23:43.343  INFO 5052 --- [    Test worker] o.h.e.t.j.p.i.JtaPlatformInitiator       : HHH000490: Using JtaPlatform implementation: [org.hibernate.engine.transaction.jta.platform.internal.NoJtaPlatform]
2021-03-24 20:23:43.358  INFO 5052 --- [    Test worker] j.LocalContainerEntityManagerFactoryBean : Initialized JPA EntityManagerFactory for persistence unit 'default'
2021-03-24 20:23:44.650  WARN 5052 --- [    Test worker] JpaBaseConfiguration$JpaWebConfiguration : spring.jpa.open-in-view is enabled by default. Therefore, database queries may be performed during view rendering. Explicitly configure spring.jpa.open-in-view to disable this warning
2021-03-24 20:23:45.881  INFO 5052 --- [    Test worker] o.s.s.concurrent.ThreadPoolTaskExecutor  : Initializing ExecutorService 'applicationTaskExecutor'
2021-03-24 20:23:47.332  INFO 5052 --- [    Test worker] o.s.s.web.DefaultSecurityFilterChain     : Will secure any request with [org.springframework.security.web.context.request.async.WebAsyncManagerIntegrationFilter@23b92205, org.springframework.security.web.context.SecurityContextPersistenceFilter@3ee17223, org.springframework.security.web.header.HeaderWriterFilter@51c1804b, org.springframework.security.web.csrf.CsrfFilter@16901ba4, org.springframework.security.web.authentication.logout.LogoutFilter@7da35bbf, org.springframework.security.web.authentication.UsernamePasswordAuthenticationFilter@558e275, org.springframework.security.web.savedrequest.RequestCacheAwareFilter@57ad117e, org.springframework.security.web.servletapi.SecurityContextHolderAwareRequestFilter@19a07592, org.springframework.security.web.authentication.AnonymousAuthenticationFilter@5ee43e10, org.springframework.security.web.session.SessionManagementFilter@332111df, org.springframework.security.web.access.ExceptionTranslationFilter@536e146a, org.springframework.security.web.access.intercept.FilterSecurityInterceptor@26ae4ac5]
2021-03-24 20:23:47.487  INFO 5052 --- [    Test worker] o.s.b.a.e.web.EndpointLinksResolver      : Exposing 2 endpoint(s) beneath base path '/actuator'
2021-03-24 20:23:47.579  INFO 5052 --- [    Test worker] com.app.AppApplicationTests              : Started AppApplicationTests in 9.701 seconds (JVM running for 11.144)
]]></system-out>
  <system-err><![CDATA[]]></system-err>
</testsuite>
